<?xml version="1.0" encoding="UTF-8"?>
<!-- Generated by org.testng.reporters.JUnitReportReporter -->
<testsuite hostname="DESKTOP-K82IFAH" failures="0" tests="1" name="sampletestReport3withScreenshot" time="2.521" errors="0" timestamp="2024-05-31T17:18:42 IST" skipped="0">
  <testcase classname="sampletestReport3withScreenshot" name="createcontacttest" time="2.521"/>
</testsuite> <!-- sampletestReport3withScreenshot -->
