<?xml version="1.0" encoding="UTF-8"?>
<!-- Generated by org.testng.reporters.JUnitReportReporter -->
<testsuite hostname="DESKTOP-K82IFAH" failures="0" tests="2" name="comcastCrm.OrgTest.CreateOrgTest" time="16.554" errors="0" timestamp="2024-06-12T17:56:08 IST" skipped="0">
  <testcase classname="comcastCrm.OrgTest.CreateOrgTest" name="createContactwithDate" time="12.769"/>
  <testcase classname="comcastCrm.OrgTest.CreateOrgTest" name="createContact" time="3.785"/>
</testsuite> <!-- comcastCrm.OrgTest.CreateOrgTest -->
