<?xml version="1.0" encoding="UTF-8"?>
<!-- Generated by org.testng.reporters.JUnitReportReporter -->
<testsuite hostname="DESKTOP-K82IFAH" failures="0" tests="2" name="comcastCrm.contactTest.CreateContactTest" time="74.473" errors="0" timestamp="2024-06-03T22:23:45 IST" skipped="0">
  <testcase classname="comcastCrm.contactTest.CreateContactTest" name="createContact" time="45.269"/>
  <testcase classname="comcastCrm.contactTest.CreateContactTest" name="createContactwithDate" time="29.204"/>
</testsuite> <!-- comcastCrm.contactTest.CreateContactTest -->
