<?xml version="1.0" encoding="UTF-8"?>
<!-- Generated by org.testng.reporters.JUnitReportReporter -->
<testsuite hostname="DESKTOP-K82IFAH" failures="0" tests="2" name="pac1.ContactTest" time="0.009" errors="0" timestamp="2024-06-12T17:55:30 IST" skipped="0">
  <testcase classname="pac1.ContactTest" name="modifycontactTest" time="0.001"/>
  <testcase classname="pac1.ContactTest" name="createcontactTest" time="0.008"/>
</testsuite> <!-- pac1.ContactTest -->
