<?xml version="1.0" encoding="UTF-8"?>
<!-- Generated by org.testng.reporters.JUnitReportReporter -->
<testsuite hostname="DESKTOP-K82IFAH" failures="0" tests="2" name="comcastCrm.OrgTest.CreateOrgTest" time="13.888" errors="0" timestamp="2024-06-01T10:38:59 IST" skipped="0">
  <testcase classname="comcastCrm.OrgTest.CreateOrgTest" name="createContactwithDate" time="5.925"/>
  <testcase classname="comcastCrm.OrgTest.CreateOrgTest" name="createContact" time="7.963"/>
</testsuite> <!-- comcastCrm.OrgTest.CreateOrgTest -->
