<?xml version="1.0" encoding="UTF-8"?>
<!-- Generated by org.testng.reporters.JUnitReportReporter -->
<testsuite hostname="DESKTOP-K82IFAH" failures="0" tests="2" name="sampleReportTest2" time="0.530" errors="0" timestamp="2024-05-31T15:35:56 IST" skipped="0">
  <testcase classname="sampleReportTest2" name="createContactwithOrg" time="0.512"/>
  <testcase classname="sampleReportTest2" name="createContactwithPhoneNumber" time="0.018"/>
</testsuite> <!-- sampleReportTest2 -->
