<?xml version="1.0" encoding="UTF-8"?>
<!-- Generated by org.testng.reporters.JUnitReportReporter -->
<testsuite hostname="DESKTOP-K82IFAH" failures="0" tests="1" name="SampleReportTest" time="0.614" errors="0" timestamp="2024-05-31T15:08:54 IST" skipped="0">
  <testcase classname="SampleReportTest" name="createcontactTest" time="0.614"/>
</testsuite> <!-- SampleReportTest -->
