<?xml version="1.0" encoding="UTF-8"?>
<!-- Generated by org.testng.reporters.JUnitReportReporter -->
<testsuite hostname="DESKTOP-K82IFAH" failures="0" tests="1" name="SampleTestWithPom" time="4.029" errors="0" timestamp="2024-05-16T10:05:06 IST" skipped="0">
  <testcase classname="SampleTestWithPom" name="sampleTest" time="4.029"/>
  <system-out/>
</testsuite> <!-- SampleTestWithPom -->
